<?xml version="1.0" encoding="UTF-8"?>
<testng-results skipped="0" failed="0" ignored="0" total="0" passed="0">
  <reporter-output>
  </reporter-output>
  <suite name="Suite" duration-ms="78" started-at="2019-11-01T09:26:17Z" finished-at="2019-11-01T09:26:17Z">
    <groups>
    </groups>
    <test name="Test_firefox" duration-ms="0" started-at="2019-11-01T09:26:17Z" finished-at="2019-11-01T09:26:17Z">
    </test> <!-- Test_firefox -->
    <test name="Test_chrome" duration-ms="0" started-at="2019-11-01T09:26:17Z" finished-at="2019-11-01T09:26:17Z">
      <class name="Framework.Browser_Parallel">
        <test-method status="FAIL" signature="test_parallel(java.lang.String)[pri:0, instance:Framework.Browser_Parallel@15b5592]" name="test_parallel" is-config="true" duration-ms="0" started-at="2019-11-01T14:56:17Z" finished-at="2019-11-01T14:56:17Z">
          <exception class="org.testng.TestNGException">
            <message>
              <![CDATA[
Parameter 'browser' is required by BeforeSuite on method test_parallel but has not been marked @Optional or defined
in D:\Healthcare\Gooddeal\testng_browser_parallel.xml]]>
            </message>
            <full-stacktrace>
              <![CDATA[org.testng.TestNGException: 
Parameter 'browser' is required by BeforeSuite on method test_parallel but has not been marked @Optional or defined
in D:\Healthcare\Gooddeal\testng_browser_parallel.xml
	at org.testng.internal.Parameters.createParameters(Parameters.java:199)
	at org.testng.internal.Parameters.createParameters(Parameters.java:443)
	at org.testng.internal.Parameters.createConfigurationParameters(Parameters.java:118)
	at org.testng.internal.Invoker.invokeConfigurations(Invoker.java:203)
	at org.testng.internal.Invoker.invokeConfigurations(Invoker.java:144)
	at org.testng.SuiteRunner.privateRun(SuiteRunner.java:326)
	at org.testng.SuiteRunner.run(SuiteRunner.java:289)
	at org.testng.SuiteRunnerWorker.runSuite(SuiteRunnerWorker.java:52)
	at org.testng.SuiteRunnerWorker.run(SuiteRunnerWorker.java:86)
	at org.testng.TestNG.runSuitesSequentially(TestNG.java:1293)
	at org.testng.TestNG.runSuitesLocally(TestNG.java:1218)
	at org.testng.TestNG.runSuites(TestNG.java:1133)
	at org.testng.TestNG.run(TestNG.java:1104)
	at org.testng.remote.AbstractRemoteTestNG.run(AbstractRemoteTestNG.java:132)
	at org.testng.remote.RemoteTestNG.initAndRun(RemoteTestNG.java:236)
	at org.testng.remote.RemoteTestNG.main(RemoteTestNG.java:81)
]]>
            </full-stacktrace>
          </exception> <!-- org.testng.TestNGException -->
          <reporter-output>
          </reporter-output>
        </test-method> <!-- test_parallel -->
      </class> <!-- Framework.Browser_Parallel -->
    </test> <!-- Test_chrome -->
  </suite> <!-- Suite -->
</testng-results>
